<?xml version="1.0"?>
<testsuites>
  <testsuite name="Chrome 39.0.2171 (Windows 7)" package="" timestamp="2014-12-05T12:20:52" id="0" hostname="CHELSEA" tests="0" errors="1" failures="0" time="0">
    <properties>
      <property name="browser.fullName" value="Mozilla/5.0 (Windows NT 6.1; WOW64) AppleWebKit/537.36 (KHTML, like Gecko) Chrome/39.0.2171.71 Safari/537.36"/>
    </properties>
    <system-out><![CDATA[
]]></system-out>
    <system-err/>
  </testsuite>
</testsuites>
